TN:
SF:public\js\api-docs.js
FNF:0
FNH:0
LF:0
LH:0
BRF:0
BRH:0
end_of_record
TN:
SF:public\js\calorie.js
FN:2,(anonymous_0)
FN:6,(anonymous_1)
FN:7,(anonymous_2)
FN:18,(anonymous_3)
FN:28,(anonymous_4)
FN:29,(anonymous_5)
FN:47,(anonymous_6)
FN:48,(anonymous_7)
FN:64,(anonymous_8)
FN:74,(anonymous_9)
FN:93,calculateCaloriesAndMacros
FN:173,(anonymous_11)
FN:240,exportToPDF
FNF:13
FNH:0
FNDA:0,(anonymous_0)
FNDA:0,(anonymous_1)
FNDA:0,(anonymous_2)
FNDA:0,(anonymous_3)
FNDA:0,(anonymous_4)
FNDA:0,(anonymous_5)
FNDA:0,(anonymous_6)
FNDA:0,(anonymous_7)
FNDA:0,(anonymous_8)
FNDA:0,(anonymous_9)
FNDA:0,calculateCaloriesAndMacros
FNDA:0,(anonymous_11)
FNDA:0,exportToPDF
DA:2,0
DA:3,0
DA:4,0
DA:6,0
DA:7,0
DA:8,0
DA:9,0
DA:10,0
DA:12,0
DA:13,0
DA:18,0
DA:19,0
DA:20,0
DA:21,0
DA:22,0
DA:25,0
DA:28,0
DA:29,0
DA:30,0
DA:31,0
DA:32,0
DA:33,0
DA:36,0
DA:37,0
DA:38,0
DA:40,0
DA:41,0
DA:42,0
DA:47,0
DA:48,0
DA:49,0
DA:50,0
DA:51,0
DA:57,0
DA:60,0
DA:61,0
DA:64,0
DA:65,0
DA:67,0
DA:70,0
DA:74,0
DA:76,0
DA:77,0
DA:78,0
DA:79,0
DA:80,0
DA:94,0
DA:95,0
DA:106,0
DA:115,0
DA:116,0
DA:117,0
DA:129,0
DA:132,0
DA:133,0
DA:146,0
DA:147,0
DA:148,0
DA:152,0
DA:154,0
DA:155,0
DA:156,0
DA:157,0
DA:158,0
DA:159,0
DA:161,0
DA:163,0
DA:166,0
DA:169,0
DA:170,0
DA:171,0
DA:173,0
DA:175,0
DA:179,0
DA:180,0
DA:182,0
DA:183,0
DA:187,0
DA:194,0
DA:195,0
DA:196,0
DA:197,0
DA:198,0
DA:199,0
DA:200,0
DA:201,0
DA:203,0
DA:204,0
DA:205,0
DA:208,0
DA:209,0
DA:211,0
DA:213,0
DA:221,0
DA:222,0
DA:224,0
DA:227,0
DA:228,0
DA:241,0
DA:242,0
DA:243,0
DA:246,0
DA:247,0
DA:250,0
DA:251,0
DA:252,0
DA:254,0
DA:255,0
DA:256,0
DA:257,0
DA:258,0
DA:260,0
DA:261,0
DA:262,0
DA:263,0
DA:266,0
DA:267,0
DA:268,0
DA:269,0
DA:270,0
DA:271,0
DA:272,0
DA:273,0
DA:276,0
DA:277,0
DA:278,0
DA:279,0
DA:280,0
DA:281,0
DA:282,0
DA:285,0
DA:286,0
DA:287,0
DA:289,0
DA:290,0
DA:291,0
DA:292,0
DA:295,0
DA:296,0
DA:297,0
DA:302,0
DA:309,0
LF:142
LH:0
BRDA:8,0,0,0
BRDA:8,0,1,0
BRDA:21,1,0,0
BRDA:21,1,1,0
BRDA:31,2,0,0
BRDA:31,2,1,0
BRDA:36,3,0,0
BRDA:36,3,1,0
BRDA:40,4,0,0
BRDA:40,4,1,0
BRDA:49,5,0,0
BRDA:49,5,1,0
BRDA:65,6,0,0
BRDA:65,6,1,0
BRDA:77,7,0,0
BRDA:77,7,1,0
BRDA:79,8,0,0
BRDA:79,8,1,0
BRDA:115,9,0,0
BRDA:115,9,1,0
BRDA:132,10,0,0
BRDA:132,10,1,0
BRDA:147,11,0,0
BRDA:147,11,1,0
BRDA:152,12,0,0
BRDA:152,12,1,0
BRDA:156,13,0,0
BRDA:156,13,1,0
BRDA:158,14,0,0
BRDA:158,14,1,0
BRDA:175,15,0,0
BRDA:175,15,1,0
BRDA:180,16,0,0
BRDA:180,16,1,0
BRDA:180,17,0,0
BRDA:180,17,1,0
BRDA:187,18,0,0
BRDA:187,18,1,0
BRDA:189,19,0,0
BRDA:189,19,1,0
BRDA:194,20,0,0
BRDA:194,20,1,0
BRDA:198,21,0,0
BRDA:198,21,1,0
BRDA:241,22,0,0
BRDA:241,22,1,0
BRDA:266,23,0,0
BRDA:266,23,1,0
BRDA:267,24,0,0
BRDA:267,24,1,0
BRDA:268,25,0,0
BRDA:268,25,1,0
BRDA:269,26,0,0
BRDA:269,26,1,0
BRDA:270,27,0,0
BRDA:270,27,1,0
BRDA:271,28,0,0
BRDA:271,28,1,0
BRDA:272,29,0,0
BRDA:272,29,1,0
BRDA:273,30,0,0
BRDA:273,30,1,0
BRF:62
BRH:0
end_of_record
TN:
SF:public\js\challenge.js
FN:31,(anonymous_0)
FN:32,(anonymous_1)
FN:38,selectMuscleGroup
FN:68,startChallenge
FN:92,(anonymous_4)
FN:109,(anonymous_5)
FN:134,stopChallenge
FN:149,resetChallenge
FN:166,resetAllVideos
FN:167,(anonymous_9)
FN:176,hideMuscleButtons
FN:181,showMuscleButtons
FN:187,updateTimer
FN:210,updateWorkout
FN:222,(anonymous_14)
FN:233,showMotivationalMessage
FNF:16
FNH:0
FNDA:0,(anonymous_0)
FNDA:0,(anonymous_1)
FNDA:0,selectMuscleGroup
FNDA:0,startChallenge
FNDA:0,(anonymous_4)
FNDA:0,(anonymous_5)
FNDA:0,stopChallenge
FNDA:0,resetChallenge
FNDA:0,resetAllVideos
FNDA:0,(anonymous_9)
FNDA:0,hideMuscleButtons
FNDA:0,showMuscleButtons
FNDA:0,updateTimer
FNDA:0,updateWorkout
FNDA:0,(anonymous_14)
FNDA:0,showMotivationalMessage
DA:2,0
DA:7,0
DA:12,0
DA:17,0
DA:24,0
DA:25,0
DA:27,0
DA:28,0
DA:31,0
DA:32,0
DA:33,0
DA:34,0
DA:39,0
DA:40,0
DA:42,0
DA:43,0
DA:45,0
DA:46,0
DA:48,0
DA:49,0
DA:51,0
DA:52,0
DA:54,0
DA:59,0
DA:62,0
DA:63,0
DA:70,0
DA:71,0
DA:72,0
DA:75,0
DA:76,0
DA:78,0
DA:79,0
DA:80,0
DA:81,0
DA:82,0
DA:83,0
DA:85,0
DA:86,0
DA:89,0
DA:92,0
DA:93,0
DA:94,0
DA:95,0
DA:96,0
DA:97,0
DA:98,0
DA:103,0
DA:104,0
DA:106,0
DA:108,0
DA:109,0
DA:110,0
DA:111,0
DA:114,0
DA:115,0
DA:116,0
DA:117,0
DA:118,0
DA:119,0
DA:122,0
DA:123,0
DA:125,0
DA:129,0
DA:135,0
DA:136,0
DA:139,0
DA:140,0
DA:141,0
DA:144,0
DA:145,0
DA:150,0
DA:151,0
DA:152,0
DA:153,0
DA:154,0
DA:157,0
DA:158,0
DA:160,0
DA:161,0
DA:162,0
DA:167,0
DA:168,0
DA:169,0
DA:170,0
DA:171,0
DA:177,0
DA:178,0
DA:182,0
DA:183,0
DA:188,0
DA:189,0
DA:190,0
DA:192,0
DA:194,0
DA:197,0
DA:198,0
DA:200,0
DA:203,0
DA:204,0
DA:211,0
DA:213,0
DA:214,0
DA:215,0
DA:217,0
DA:218,0
DA:219,0
DA:222,0
DA:223,0
DA:225,0
DA:229,0
DA:234,0
DA:239,0
DA:240,0
DA:241,0
DA:242,0
LF:116
LH:0
BRDA:40,0,0,0
BRDA:40,0,1,0
BRDA:40,0,2,0
BRDA:40,0,3,0
BRDA:70,1,0,0
BRDA:70,1,1,0
BRDA:93,2,0,0
BRDA:93,2,1,0
BRDA:95,3,0,0
BRDA:95,3,1,0
BRDA:97,4,0,0
BRDA:97,4,1,0
BRDA:106,5,0,0
BRDA:106,5,1,0
BRDA:114,6,0,0
BRDA:114,6,1,0
BRDA:140,7,0,0
BRDA:140,7,1,0
BRDA:188,8,0,0
BRDA:188,8,1,0
BRDA:192,9,0,0
BRDA:192,9,1,0
BRDA:203,10,0,0
BRDA:203,10,1,0
BRDA:214,11,0,0
BRDA:214,11,1,0
BRDA:216,12,0,0
BRDA:216,12,1,0
BRDA:218,13,0,0
BRDA:218,13,1,0
BRF:30
BRH:0
end_of_record
TN:
SF:public\js\cookies.js
FN:4,(anonymous_0)
FN:10,(anonymous_1)
FN:13,(anonymous_2)
FN:18,(anonymous_3)
FN:25,(anonymous_4)
FN:30,(anonymous_5)
FN:40,(anonymous_6)
FN:46,(anonymous_7)
FN:54,(anonymous_8)
FN:62,(anonymous_9)
FN:69,(anonymous_10)
FN:75,(anonymous_11)
FN:83,(anonymous_12)
FN:90,(anonymous_13)
FN:96,(anonymous_14)
FN:104,(anonymous_15)
FN:110,(anonymous_16)
FN:136,restoreWorkoutForm
FN:146,(anonymous_18)
FN:155,setupFormAutoSave
FN:160,(anonymous_20)
FN:161,(anonymous_21)
FN:163,(anonymous_22)
FN:177,(anonymous_23)
FN:178,(anonymous_24)
FN:180,(anonymous_25)
FN:191,(anonymous_26)
FN:195,(anonymous_27)
FN:199,(anonymous_28)
FN:203,(anonymous_29)
FN:207,(anonymous_30)
FN:213,(anonymous_31)
FN:219,(anonymous_32)
FN:222,(anonymous_33)
FN:227,(anonymous_34)
FN:231,(anonymous_35)
FN:237,(anonymous_36)
FN:243,(anonymous_37)
FN:247,(anonymous_38)
FNF:39
FNH:0
FNDA:0,(anonymous_0)
FNDA:0,(anonymous_1)
FNDA:0,(anonymous_2)
FNDA:0,(anonymous_3)
FNDA:0,(anonymous_4)
FNDA:0,(anonymous_5)
FNDA:0,(anonymous_6)
FNDA:0,(anonymous_7)
FNDA:0,(anonymous_8)
FNDA:0,(anonymous_9)
FNDA:0,(anonymous_10)
FNDA:0,(anonymous_11)
FNDA:0,(anonymous_12)
FNDA:0,(anonymous_13)
FNDA:0,(anonymous_14)
FNDA:0,(anonymous_15)
FNDA:0,(anonymous_16)
FNDA:0,restoreWorkoutForm
FNDA:0,(anonymous_18)
FNDA:0,setupFormAutoSave
FNDA:0,(anonymous_20)
FNDA:0,(anonymous_21)
FNDA:0,(anonymous_22)
FNDA:0,(anonymous_23)
FNDA:0,(anonymous_24)
FNDA:0,(anonymous_25)
FNDA:0,(anonymous_26)
FNDA:0,(anonymous_27)
FNDA:0,(anonymous_28)
FNDA:0,(anonymous_29)
FNDA:0,(anonymous_30)
FNDA:0,(anonymous_31)
FNDA:0,(anonymous_32)
FNDA:0,(anonymous_33)
FNDA:0,(anonymous_34)
FNDA:0,(anonymous_35)
FNDA:0,(anonymous_36)
FNDA:0,(anonymous_37)
FNDA:0,(anonymous_38)
DA:5,0
DA:6,0
DA:11,0
DA:13,0
DA:18,0
DA:26,0
DA:31,0
DA:32,0
DA:33,0
DA:34,0
DA:41,0
DA:42,0
DA:47,0
DA:48,0
DA:49,0
DA:51,0
DA:55,0
DA:56,0
DA:57,0
DA:58,0
DA:63,0
DA:70,0
DA:71,0
DA:76,0
DA:77,0
DA:78,0
DA:80,0
DA:84,0
DA:91,0
DA:92,0
DA:97,0
DA:98,0
DA:99,0
DA:101,0
DA:105,0
DA:110,0
DA:112,0
DA:113,0
DA:114,0
DA:118,0
DA:121,0
DA:122,0
DA:126,0
DA:127,0
DA:128,0
DA:132,0
DA:137,0
DA:146,0
DA:147,0
DA:148,0
DA:149,0
DA:157,0
DA:158,0
DA:159,0
DA:160,0
DA:161,0
DA:162,0
DA:163,0
DA:164,0
DA:166,0
DA:172,0
DA:175,0
DA:176,0
DA:177,0
DA:178,0
DA:179,0
DA:180,0
DA:181,0
DA:183,0
DA:192,0
DA:193,0
DA:194,0
DA:195,0
DA:200,0
DA:201,0
DA:202,0
DA:203,0
DA:208,0
DA:209,0
DA:210,0
DA:214,0
DA:215,0
DA:216,0
DA:220,0
DA:221,0
DA:222,0
DA:224,0
DA:229,0
DA:230,0
DA:231,0
DA:237,0
DA:239,0
DA:240,0
DA:242,0
DA:243,0
DA:246,0
DA:247,0
DA:251,0
DA:255,0
DA:256,0
DA:257,0
DA:258,0
DA:259,0
LF:103
LH:0
BRDA:4,0,0,0
BRDA:11,1,0,0
BRDA:11,1,1,0
BRDA:41,2,0,0
BRDA:41,2,1,0
BRDA:47,3,0,0
BRDA:47,3,1,0
BRDA:49,4,0,0
BRDA:49,4,1,0
BRDA:55,5,0,0
BRDA:55,5,1,0
BRDA:70,6,0,0
BRDA:70,6,1,0
BRDA:76,7,0,0
BRDA:76,7,1,0
BRDA:78,8,0,0
BRDA:78,8,1,0
BRDA:91,9,0,0
BRDA:91,9,1,0
BRDA:97,10,0,0
BRDA:97,10,1,0
BRDA:99,11,0,0
BRDA:99,11,1,0
BRDA:112,12,0,0
BRDA:112,12,1,0
BRDA:121,13,0,0
BRDA:121,13,1,0
BRDA:127,14,0,0
BRDA:127,14,1,0
BRDA:127,15,0,0
BRDA:127,15,1,0
BRDA:148,16,0,0
BRDA:148,16,1,0
BRDA:148,17,0,0
BRDA:148,17,1,0
BRDA:158,18,0,0
BRDA:158,18,1,0
BRDA:164,19,0,0
BRDA:164,19,1,0
BRDA:164,20,0,0
BRDA:164,20,1,0
BRDA:175,21,0,0
BRDA:175,21,1,0
BRDA:181,22,0,0
BRDA:181,22,1,0
BRDA:181,23,0,0
BRDA:181,23,1,0
BRDA:193,24,0,0
BRDA:193,24,1,0
BRDA:201,25,0,0
BRDA:201,25,1,0
BRDA:221,26,0,0
BRDA:221,26,1,0
BRDA:221,27,0,0
BRDA:221,27,1,0
BRDA:230,28,0,0
BRDA:230,28,1,0
BRDA:230,29,0,0
BRDA:230,29,1,0
BRDA:242,30,0,0
BRDA:242,30,1,0
BRDA:246,31,0,0
BRDA:246,31,1,0
BRF:63
BRH:0
end_of_record
TN:
SF:public\js\login.js
FN:1,(anonymous_0)
FN:6,showSignUp
FN:13,showSignIn
FN:20,showForgotPassword
FN:27,updatePasswordRequirements
FN:36,(anonymous_5)
FN:53,(anonymous_6)
FN:63,(anonymous_7)
FN:67,(anonymous_8)
FN:68,(anonymous_9)
FN:72,(anonymous_10)
FN:80,handleHashChange
FN:95,(anonymous_12)
FN:98,(anonymous_13)
FN:101,(anonymous_14)
FNF:15
FNH:0
FNDA:0,(anonymous_0)
FNDA:0,showSignUp
FNDA:0,showSignIn
FNDA:0,showForgotPassword
FNDA:0,updatePasswordRequirements
FNDA:0,(anonymous_5)
FNDA:0,(anonymous_6)
FNDA:0,(anonymous_7)
FNDA:0,(anonymous_8)
FNDA:0,(anonymous_9)
FNDA:0,(anonymous_10)
FNDA:0,handleHashChange
FNDA:0,(anonymous_12)
FNDA:0,(anonymous_13)
FNDA:0,(anonymous_14)
DA:1,0
DA:7,0
DA:8,0
DA:9,0
DA:14,0
DA:15,0
DA:16,0
DA:21,0
DA:22,0
DA:23,0
DA:28,0
DA:36,0
DA:37,0
DA:38,0
DA:39,0
DA:40,0
DA:41,0
DA:43,0
DA:44,0
DA:51,0
DA:54,0
DA:58,0
DA:59,0
DA:60,0
DA:61,0
DA:64,0
DA:67,0
DA:69,0
DA:70,0
DA:72,0
DA:81,0
DA:82,0
DA:83,0
DA:84,0
DA:85,0
DA:86,0
DA:87,0
DA:91,0
DA:92,0
DA:95,0
DA:96,0
DA:98,0
DA:99,0
DA:101,0
DA:102,0
DA:106,0
DA:107,0
DA:108,0
DA:112,0
DA:113,0
DA:115,0
DA:116,0
DA:118,0
DA:119,0
LF:54
LH:0
BRDA:38,0,0,0
BRDA:38,0,1,0
BRDA:39,1,0,0
BRDA:39,1,1,0
BRDA:59,2,0,0
BRDA:59,2,1,0
BRDA:69,3,0,0
BRDA:69,3,1,0
BRDA:69,4,0,0
BRDA:69,4,1,0
BRDA:82,5,0,0
BRDA:82,5,1,0
BRDA:84,6,0,0
BRDA:84,6,1,0
BRDA:86,7,0,0
BRDA:86,7,1,0
BRDA:112,8,0,0
BRDA:112,8,1,0
BRDA:115,9,0,0
BRDA:115,9,1,0
BRDA:118,10,0,0
BRDA:118,10,1,0
BRF:22
BRH:0
end_of_record
TN:
SF:public\js\main.js
FN:1,(anonymous_0)
FN:2,(anonymous_1)
FN:23,(anonymous_2)
FN:43,(anonymous_3)
FN:49,(anonymous_4)
FN:53,(anonymous_5)
FN:57,(anonymous_6)
FN:63,(anonymous_7)
FN:64,(anonymous_8)
FN:74,clearActiveState
FN:75,(anonymous_10)
FN:79,(anonymous_11)
FN:80,(anonymous_12)
FN:96,redirectToSection
FN:109,showSlides
FN:111,(anonymous_15)
FN:116,nextSlide
FN:121,prevSlide
FN:127,(anonymous_18)
FN:131,(anonymous_19)
FN:135,(anonymous_20)
FN:148,(anonymous_21)
FN:165,(anonymous_22)
FNF:23
FNH:0
FNDA:0,(anonymous_0)
FNDA:0,(anonymous_1)
FNDA:0,(anonymous_2)
FNDA:0,(anonymous_3)
FNDA:0,(anonymous_4)
FNDA:0,(anonymous_5)
FNDA:0,(anonymous_6)
FNDA:0,(anonymous_7)
FNDA:0,(anonymous_8)
FNDA:0,clearActiveState
FNDA:0,(anonymous_10)
FNDA:0,(anonymous_11)
FNDA:0,(anonymous_12)
FNDA:0,redirectToSection
FNDA:0,showSlides
FNDA:0,(anonymous_15)
FNDA:0,nextSlide
FNDA:0,prevSlide
FNDA:0,(anonymous_18)
FNDA:0,(anonymous_19)
FNDA:0,(anonymous_20)
FNDA:0,(anonymous_21)
FNDA:0,(anonymous_22)
DA:1,0
DA:2,0
DA:3,0
DA:4,0
DA:6,0
DA:11,0
DA:12,0
DA:13,0
DA:14,0
DA:21,0
DA:24,0
DA:25,0
DA:28,0
DA:29,0
DA:31,0
DA:34,0
DA:40,0
DA:41,0
DA:42,0
DA:43,0
DA:44,0
DA:49,0
DA:50,0
DA:53,0
DA:54,0
DA:57,0
DA:58,0
DA:59,0
DA:63,0
DA:64,0
DA:65,0
DA:71,0
DA:75,0
DA:79,0
DA:80,0
DA:81,0
DA:82,0
DA:97,0
DA:98,0
DA:103,0
DA:104,0
DA:105,0
DA:106,0
DA:110,0
DA:111,0
DA:112,0
DA:117,0
DA:118,0
DA:122,0
DA:123,0
DA:127,0
DA:128,0
DA:131,0
DA:132,0
DA:135,0
DA:136,0
DA:137,0
DA:138,0
DA:139,0
DA:144,0
DA:148,0
DA:150,0
DA:153,0
DA:155,0
DA:158,0
DA:161,0
DA:162,0
DA:165,0
DA:168,0
LF:69
LH:0
BRDA:3,0,0,0
BRDA:3,0,1,0
BRDA:11,1,0,0
BRDA:11,1,1,0
BRDA:13,2,0,0
BRDA:13,2,1,0
BRDA:28,3,0,0
BRDA:28,3,1,0
BRDA:53,4,0,0
BRDA:53,4,1,0
BRDA:58,5,0,0
BRDA:58,5,1,0
BRDA:136,6,0,0
BRDA:136,6,1,0
BRDA:138,7,0,0
BRDA:138,7,1,0
BRDA:153,8,0,0
BRDA:153,8,1,0
BRF:18
BRH:0
end_of_record
TN:
SF:public\js\meal.js
FN:2,(anonymous_0)
FN:62,(anonymous_1)
FN:67,(anonymous_2)
FN:74,(anonymous_3)
FN:97,getNutritionData
FN:169,showLoadingSpinner
FN:174,hideLoadingSpinner
FN:184,(anonymous_7)
FN:198,filterRecipes
FNF:9
FNH:0
FNDA:0,(anonymous_0)
FNDA:0,(anonymous_1)
FNDA:0,(anonymous_2)
FNDA:0,(anonymous_3)
FNDA:0,getNutritionData
FNDA:0,showLoadingSpinner
FNDA:0,hideLoadingSpinner
FNDA:0,(anonymous_7)
FNDA:0,filterRecipes
DA:2,0
DA:3,0
DA:5,0
DA:6,0
DA:7,0
DA:57,0
DA:60,0
DA:63,0
DA:67,0
DA:68,0
DA:70,0
DA:71,0
DA:73,0
DA:74,0
DA:75,0
DA:76,0
DA:81,0
DA:82,0
DA:84,0
DA:89,0
DA:90,0
DA:91,0
DA:94,0
DA:98,0
DA:99,0
DA:100,0
DA:101,0
DA:102,0
DA:103,0
DA:104,0
DA:105,0
DA:107,0
DA:109,0
DA:110,0
DA:111,0
DA:112,0
DA:126,0
DA:127,0
DA:128,0
DA:131,0
DA:132,0
DA:133,0
DA:135,0
DA:136,0
DA:137,0
DA:138,0
DA:139,0
DA:140,0
DA:141,0
DA:142,0
DA:144,0
DA:149,0
DA:151,0
DA:153,0
DA:155,0
DA:157,0
DA:159,0
DA:161,0
DA:163,0
DA:166,0
DA:170,0
DA:171,0
DA:175,0
DA:176,0
DA:178,0
DA:181,0
DA:184,0
DA:185,0
DA:199,0
DA:200,0
DA:202,0
DA:203,0
DA:207,0
DA:208,0
DA:210,0
LF:75
LH:0
BRDA:81,0,0,0
BRDA:81,0,1,0
BRDA:81,1,0,0
BRDA:81,1,1,0
BRDA:81,1,2,0
BRDA:89,2,0,0
BRDA:89,2,1,0
BRDA:110,3,0,0
BRDA:110,3,1,0
BRDA:110,4,0,0
BRDA:110,4,1,0
BRDA:126,5,0,0
BRDA:126,5,1,0
BRDA:132,6,0,0
BRDA:132,6,1,0
BRDA:133,7,0,0
BRDA:133,7,1,0
BRDA:139,8,0,0
BRDA:139,8,1,0
BRDA:140,9,0,0
BRDA:140,9,1,0
BRDA:141,10,0,0
BRDA:141,10,1,0
BRDA:142,11,0,0
BRDA:142,11,1,0
BRDA:207,12,0,0
BRDA:207,12,1,0
BRF:27
BRH:0
end_of_record
TN:
SF:public\js\scan.js
FN:1,(anonymous_0)
FN:28,(anonymous_1)
FN:38,(anonymous_2)
FN:46,fetchNutritionData
FN:57,(anonymous_4)
FN:58,(anonymous_5)
FN:65,(anonymous_6)
FN:71,displayNutritionFacts
FN:76,(anonymous_8)
FN:78,(anonymous_9)
FN:80,(anonymous_10)
FN:83,(anonymous_11)
FN:86,(anonymous_12)
FN:89,(anonymous_13)
FN:106,showLoadingMessage
FN:112,showErrorMessage
FN:123,(anonymous_16)
FN:128,(anonymous_17)
FN:135,showSuccessMessage
FN:141,clearMessages
FNF:20
FNH:0
FNDA:0,(anonymous_0)
FNDA:0,(anonymous_1)
FNDA:0,(anonymous_2)
FNDA:0,fetchNutritionData
FNDA:0,(anonymous_4)
FNDA:0,(anonymous_5)
FNDA:0,(anonymous_6)
FNDA:0,displayNutritionFacts
FNDA:0,(anonymous_8)
FNDA:0,(anonymous_9)
FNDA:0,(anonymous_10)
FNDA:0,(anonymous_11)
FNDA:0,(anonymous_12)
FNDA:0,(anonymous_13)
FNDA:0,showLoadingMessage
FNDA:0,showErrorMessage
FNDA:0,(anonymous_16)
FNDA:0,(anonymous_17)
FNDA:0,showSuccessMessage
FNDA:0,clearMessages
DA:1,0
DA:2,0
DA:3,0
DA:5,0
DA:29,0
DA:30,0
DA:31,0
DA:32,0
DA:34,0
DA:38,0
DA:39,0
DA:40,0
DA:41,0
DA:47,0
DA:57,0
DA:59,0
DA:60,0
DA:62,0
DA:66,0
DA:67,0
DA:72,0
DA:76,0
DA:78,0
DA:80,0
DA:83,0
DA:86,0
DA:89,0
DA:91,0
DA:100,0
DA:101,0
DA:102,0
DA:107,0
DA:113,0
DA:114,0
DA:117,0
DA:120,0
DA:123,0
DA:124,0
DA:128,0
DA:129,0
DA:130,0
DA:136,0
DA:137,0
DA:138,0
DA:142,0
DA:143,0
DA:144,0
LF:47
LH:0
BRDA:29,0,0,0
BRDA:29,0,1,0
BRDA:59,1,0,0
BRDA:59,1,1,0
BRDA:59,2,0,0
BRDA:59,2,1,0
BRDA:76,3,0,0
BRDA:76,3,1,0
BRDA:78,4,0,0
BRDA:78,4,1,0
BRDA:80,5,0,0
BRDA:80,5,1,0
BRDA:83,6,0,0
BRDA:83,6,1,0
BRDA:86,7,0,0
BRDA:86,7,1,0
BRDA:89,8,0,0
BRDA:89,8,1,0
BRDA:107,9,0,0
BRDA:107,9,1,0
BRDA:129,10,0,0
BRDA:129,10,1,0
BRF:22
BRH:0
end_of_record
TN:
SF:public\js\script.js
FN:11,getWorkoutPlan
FN:55,(anonymous_1)
FN:63,ex
FN:366,pickRandom
FN:367,(anonymous_4)
FN:423,(anonymous_5)
FN:425,(anonymous_6)
FN:444,(anonymous_7)
FN:485,(anonymous_8)
FN:500,(anonymous_9)
FN:513,openModal
FN:524,closeModal
FN:535,copyLink
FN:545,(anonymous_13)
FN:558,share
FN:594,(anonymous_15)
FN:600,(anonymous_16)
FN:631,(anonymous_17)
FN:640,(anonymous_18)
FNF:19
FNH:0
FNDA:0,getWorkoutPlan
FNDA:0,(anonymous_1)
FNDA:0,ex
FNDA:0,pickRandom
FNDA:0,(anonymous_4)
FNDA:0,(anonymous_5)
FNDA:0,(anonymous_6)
FNDA:0,(anonymous_7)
FNDA:0,(anonymous_8)
FNDA:0,(anonymous_9)
FNDA:0,openModal
FNDA:0,closeModal
FNDA:0,copyLink
FNDA:0,(anonymous_13)
FNDA:0,share
FNDA:0,(anonymous_15)
FNDA:0,(anonymous_16)
FNDA:0,(anonymous_17)
FNDA:0,(anonymous_18)
DA:12,0
DA:13,0
DA:14,0
DA:17,0
DA:20,0
DA:23,0
DA:26,0
DA:31,0
DA:32,0
DA:33,0
DA:37,0
DA:38,0
DA:51,0
DA:52,0
DA:55,0
DA:56,0
DA:57,0
DA:58,0
DA:59,0
DA:60,0
DA:64,0
DA:68,0
DA:101,0
DA:102,0
DA:103,0
DA:104,0
DA:105,0
DA:106,0
DA:107,0
DA:109,0
DA:117,0
DA:118,0
DA:119,0
DA:120,0
DA:122,0
DA:130,0
DA:131,0
DA:132,0
DA:133,0
DA:134,0
DA:136,0
DA:143,0
DA:144,0
DA:145,0
DA:146,0
DA:147,0
DA:149,0
DA:156,0
DA:157,0
DA:158,0
DA:159,0
DA:160,0
DA:167,0
DA:168,0
DA:169,0
DA:170,0
DA:171,0
DA:172,0
DA:173,0
DA:174,0
DA:182,0
DA:183,0
DA:184,0
DA:185,0
DA:186,0
DA:194,0
DA:195,0
DA:196,0
DA:197,0
DA:198,0
DA:199,0
DA:206,0
DA:207,0
DA:208,0
DA:209,0
DA:210,0
DA:211,0
DA:219,0
DA:220,0
DA:221,0
DA:222,0
DA:223,0
DA:230,0
DA:231,0
DA:232,0
DA:233,0
DA:234,0
DA:235,0
DA:236,0
DA:237,0
DA:245,0
DA:246,0
DA:247,0
DA:248,0
DA:249,0
DA:257,0
DA:258,0
DA:259,0
DA:260,0
DA:261,0
DA:262,0
DA:269,0
DA:270,0
DA:271,0
DA:272,0
DA:273,0
DA:274,0
DA:282,0
DA:283,0
DA:284,0
DA:285,0
DA:286,0
DA:296,0
DA:297,0
DA:298,0
DA:299,0
DA:301,0
DA:302,0
DA:305,0
DA:306,0
DA:307,0
DA:309,0
DA:310,0
DA:313,0
DA:314,0
DA:315,0
DA:316,0
DA:317,0
DA:318,0
DA:319,0
DA:322,0
DA:323,0
DA:328,0
DA:367,0
DA:368,0
DA:372,0
DA:373,0
DA:374,0
DA:375,0
DA:377,0
DA:378,0
DA:379,0
DA:380,0
DA:381,0
DA:382,0
DA:383,0
DA:384,0
DA:385,0
DA:386,0
DA:387,0
DA:389,0
DA:390,0
DA:394,0
DA:395,0
DA:396,0
DA:397,0
DA:399,0
DA:400,0
DA:406,0
DA:410,0
DA:413,0
DA:414,0
DA:415,0
DA:416,0
DA:417,0
DA:421,0
DA:422,0
DA:423,0
DA:424,0
DA:425,0
DA:426,0
DA:428,0
DA:430,0
DA:433,0
DA:434,0
DA:436,0
DA:438,0
DA:442,0
DA:443,0
DA:444,0
DA:445,0
DA:447,0
DA:449,0
DA:450,0
DA:452,0
DA:453,0
DA:457,0
DA:458,0
DA:461,0
DA:462,0
DA:471,0
DA:485,0
DA:486,0
DA:487,0
DA:490,0
DA:495,0
DA:500,0
DA:501,0
DA:514,0
DA:525,0
DA:536,0
DA:537,0
DA:538,0
DA:541,0
DA:542,0
DA:545,0
DA:546,0
DA:559,0
DA:560,0
DA:564,0
DA:566,0
DA:568,0
DA:569,0
DA:571,0
DA:572,0
DA:574,0
DA:575,0
DA:577,0
DA:578,0
DA:580,0
DA:582,0
DA:585,0
DA:591,0
DA:594,0
DA:595,0
DA:596,0
DA:600,0
DA:602,0
DA:604,0
DA:612,0
DA:617,0
DA:627,0
DA:628,0
DA:631,0
DA:632,0
DA:640,0
DA:641,0
DA:642,0
DA:643,0
DA:644,0
DA:649,0
DA:650,0
DA:659,0
DA:660,0
DA:661,0
DA:662,0
LF:246
LH:0
BRDA:17,0,0,0
BRDA:17,0,1,0
BRDA:20,1,0,0
BRDA:20,1,1,0
BRDA:23,2,0,0
BRDA:23,2,1,0
BRDA:26,3,0,0
BRDA:26,3,1,0
BRDA:31,4,0,0
BRDA:31,4,1,0
BRDA:31,5,0,0
BRDA:31,5,1,0
BRDA:31,5,2,0
BRDA:37,6,0,0
BRDA:37,6,1,0
BRDA:101,7,0,0
BRDA:101,7,1,0
BRDA:102,8,0,0
BRDA:102,8,1,0
BRDA:103,9,0,0
BRDA:103,9,1,0
BRDA:130,10,0,0
BRDA:130,10,1,0
BRDA:143,11,0,0
BRDA:143,11,1,0
BRDA:167,12,0,0
BRDA:167,12,1,0
BRDA:168,13,0,0
BRDA:168,13,1,0
BRDA:169,14,0,0
BRDA:169,14,1,0
BRDA:194,15,0,0
BRDA:194,15,1,0
BRDA:206,16,0,0
BRDA:206,16,1,0
BRDA:230,17,0,0
BRDA:230,17,1,0
BRDA:231,18,0,0
BRDA:231,18,1,0
BRDA:232,19,0,0
BRDA:232,19,1,0
BRDA:257,20,0,0
BRDA:257,20,1,0
BRDA:269,21,0,0
BRDA:269,21,1,0
BRDA:297,22,0,0
BRDA:297,22,1,0
BRDA:298,23,0,0
BRDA:298,23,1,0
BRDA:301,24,0,0
BRDA:301,24,1,0
BRDA:305,25,0,0
BRDA:305,25,1,0
BRDA:306,26,0,0
BRDA:306,26,1,0
BRDA:309,27,0,0
BRDA:309,27,1,0
BRDA:313,28,0,0
BRDA:313,28,1,0
BRDA:314,29,0,0
BRDA:314,29,1,0
BRDA:316,30,0,0
BRDA:316,30,1,0
BRDA:318,31,0,0
BRDA:318,31,1,0
BRDA:322,32,0,0
BRDA:322,32,1,0
BRDA:374,33,0,0
BRDA:374,33,1,0
BRDA:375,34,0,0
BRDA:375,34,1,0
BRDA:377,35,0,0
BRDA:377,35,1,0
BRDA:381,36,0,0
BRDA:381,36,1,0
BRDA:382,37,0,0
BRDA:382,37,1,0
BRDA:385,38,0,0
BRDA:385,38,1,0
BRDA:394,39,0,0
BRDA:394,39,1,0
BRDA:395,40,0,0
BRDA:395,40,1,0
BRDA:413,41,0,0
BRDA:413,41,1,0
BRDA:415,42,0,0
BRDA:415,42,1,0
BRDA:442,43,0,0
BRDA:442,43,1,0
BRDA:449,44,0,0
BRDA:449,44,1,0
BRDA:449,45,0,0
BRDA:449,45,1,0
BRDA:452,46,0,0
BRDA:452,46,1,0
BRDA:452,47,0,0
BRDA:452,47,1,0
BRDA:461,48,0,0
BRDA:461,48,1,0
BRDA:490,49,0,0
BRDA:490,49,1,0
BRDA:491,50,0,0
BRDA:491,50,1,0
BRDA:491,50,2,0
BRDA:566,51,0,0
BRDA:566,51,1,0
BRDA:566,51,2,0
BRDA:566,51,3,0
BRDA:566,51,4,0
BRDA:566,51,5,0
BRDA:602,52,0,0
BRDA:602,52,1,0
BRDA:644,53,0,0
BRDA:644,53,1,0
BRDA:659,54,0,0
BRDA:659,54,1,0
BRF:116
BRH:0
end_of_record
TN:
SF:public\js\supplements.js
FN:11,calculateRecommendation
FN:28,(anonymous_1)
FN:115,(anonymous_2)
FN:137,(anonymous_3)
FN:160,(anonymous_4)
FN:173,(anonymous_5)
FNF:6
FNH:0
FNDA:0,calculateRecommendation
FNDA:0,(anonymous_1)
FNDA:0,(anonymous_2)
FNDA:0,(anonymous_3)
FNDA:0,(anonymous_4)
FNDA:0,(anonymous_5)
DA:12,0
DA:13,0
DA:14,0
DA:15,0
DA:18,0
DA:19,0
DA:20,0
DA:24,0
DA:25,0
DA:28,0
DA:30,0
DA:31,0
DA:37,0
DA:38,0
DA:45,0
DA:46,0
DA:52,0
DA:53,0
DA:60,0
DA:61,0
DA:67,0
DA:68,0
DA:72,0
DA:73,0
DA:79,0
DA:80,0
DA:89,0
DA:90,0
DA:99,0
DA:101,0
DA:104,0
DA:110,0
DA:111,0
DA:112,0
DA:113,0
DA:115,0
DA:116,0
DA:119,0
DA:122,0
DA:123,0
DA:124,0
DA:125,0
DA:126,0
DA:127,0
DA:130,0
DA:131,0
DA:132,0
DA:133,0
DA:137,0
DA:139,0
DA:142,0
DA:143,0
DA:144,0
DA:155,0
DA:158,0
DA:161,0
DA:162,0
DA:163,0
DA:164,0
DA:165,0
DA:166,0
DA:167,0
DA:171,0
DA:174,0
DA:178,0
LF:65
LH:0
BRDA:18,0,0,0
BRDA:18,0,1,0
BRDA:18,1,0,0
BRDA:18,1,1,0
BRDA:18,1,2,0
BRDA:30,2,0,0
BRDA:30,2,1,0
BRDA:37,3,0,0
BRDA:37,3,1,0
BRDA:45,4,0,0
BRDA:45,4,1,0
BRDA:52,5,0,0
BRDA:52,5,1,0
BRDA:52,6,0,0
BRDA:52,6,1,0
BRDA:60,7,0,0
BRDA:60,7,1,0
BRDA:67,8,0,0
BRDA:67,8,1,0
BRDA:72,9,0,0
BRDA:72,9,1,0
BRDA:79,10,0,0
BRDA:79,10,1,0
BRDA:89,11,0,0
BRDA:89,11,1,0
BRDA:89,12,0,0
BRDA:89,12,1,0
BRDA:130,13,0,0
BRDA:130,13,1,0
BRDA:130,14,0,0
BRDA:130,14,1,0
BRDA:130,14,2,0
BRDA:130,14,3,0
BRDA:130,14,4,0
BRF:34
BRH:0
end_of_record
TN:
SF:public\js\welcome.js
FN:1,(anonymous_0)
FN:5,(anonymous_1)
FN:16,(anonymous_2)
FN:17,(anonymous_3)
FN:28,(anonymous_4)
FN:29,(anonymous_5)
FN:34,(anonymous_6)
FNF:7
FNH:0
FNDA:0,(anonymous_0)
FNDA:0,(anonymous_1)
FNDA:0,(anonymous_2)
FNDA:0,(anonymous_3)
FNDA:0,(anonymous_4)
FNDA:0,(anonymous_5)
FNDA:0,(anonymous_6)
DA:1,0
DA:3,0
DA:4,0
DA:5,0
DA:6,0
DA:11,0
DA:12,0
DA:15,0
DA:17,0
DA:18,0
DA:20,0
DA:28,0
DA:29,0
DA:32,0
DA:34,0
DA:35,0
DA:38,0
DA:39,0
DA:41,0
LF:19
LH:0
BRDA:4,0,0,0
BRDA:4,0,1,0
BRDA:18,1,0,0
BRDA:18,1,1,0
BRDA:35,2,0,0
BRDA:35,2,1,0
BRDA:38,3,0,0
BRDA:38,3,1,0
BRF:8
BRH:0
end_of_record
TN:
SF:public\js\utils\error-handler.js
FN:18,(anonymous_0)
FN:48,(anonymous_1)
FN:51,(anonymous_2)
FN:70,(anonymous_3)
FN:80,(anonymous_4)
FNF:5
FNH:0
FNDA:0,(anonymous_0)
FNDA:0,(anonymous_1)
FNDA:0,(anonymous_2)
FNDA:0,(anonymous_3)
FNDA:0,(anonymous_4)
DA:19,0
DA:26,0
DA:27,0
DA:28,0
DA:32,0
DA:33,0
DA:36,0
DA:38,0
DA:39,0
DA:49,0
DA:51,0
DA:52,0
DA:53,0
DA:57,0
DA:72,0
DA:75,0
DA:76,0
DA:77,0
DA:78,0
DA:80,0
DA:81,0
DA:84,0
DA:90,0
LF:23
LH:0
BRDA:18,0,0,0
BRDA:26,1,0,0
BRDA:26,1,1,0
BRDA:29,2,0,0
BRDA:29,2,1,0
BRDA:32,3,0,0
BRDA:32,3,1,0
BRDA:38,4,0,0
BRDA:38,4,1,0
BRDA:52,5,0,0
BRDA:52,5,1,0
BRDA:52,6,0,0
BRDA:52,6,1,0
BRDA:61,7,0,0
BRDA:61,7,1,0
BRDA:70,8,0,0
BRDA:72,9,0,0
BRDA:72,9,1,0
BRDA:75,10,0,0
BRDA:75,10,1,0
BRF:20
BRH:0
end_of_record
TN:
SF:public\js\utils\logger.js
FN:27,(anonymous_0)
FN:40,(anonymous_1)
FN:55,(anonymous_2)
FNF:3
FNH:0
FNDA:0,(anonymous_0)
FNDA:0,(anonymous_1)
FNDA:0,(anonymous_2)
DA:18,0
DA:28,0
DA:29,0
DA:31,0
DA:41,0
DA:42,0
DA:43,0
DA:45,0
DA:56,0
DA:57,0
DA:58,0
DA:60,0
DA:67,0
LF:13
LH:0
BRDA:18,0,0,0
BRDA:18,0,1,0
BRDA:18,0,2,0
BRDA:27,1,0,0
BRDA:28,2,0,0
BRDA:28,2,1,0
BRDA:40,3,0,0
BRDA:41,4,0,0
BRDA:41,4,1,0
BRDA:42,5,0,0
BRDA:42,5,1,0
BRDA:55,6,0,0
BRDA:56,7,0,0
BRDA:56,7,1,0
BRDA:57,8,0,0
BRDA:57,8,1,0
BRF:16
BRH:0
end_of_record
